<!DOCTYPE html>
<html>
  <head>
    <meta charset="utf-8"/>
    <title>Test Report</title>
    <style>body {
	font-family: Helvetica, Arial, sans-serif;
	font-size: 12px;
	/* do not increase min-width as some may use split screens */
	min-width: 800px;
	color: #999;
}

h1 {
	font-size: 24px;
	color: black;
}

h2 {
	font-size: 16px;
	color: black;
}

p {
    color: black;
}

a {
	color: #999;
}

table {
	border-collapse: collapse;
}

/******************************
 * SUMMARY INFORMATION
 ******************************/

#environment td {
	padding: 5px;
	border: 1px solid #E6E6E6;
}

#environment tr:nth-child(odd) {
	background-color: #f6f6f6;
}

/******************************
 * TEST RESULT COLORS
 ******************************/
span.passed, .passed .col-result {
	color: green;
}
span.skipped, span.xfailed, span.rerun, .skipped .col-result, .xfailed .col-result, .rerun .col-result {
	color: orange;
}
span.error, span.failed, span.xpassed, .error .col-result, .failed .col-result, .xpassed .col-result  {
	color: red;
}


/******************************
 * RESULTS TABLE
 *
 * 1. Table Layout
 * 2. Extra
 * 3. Sorting items
 *
 ******************************/

/*------------------
 * 1. Table Layout
 *------------------*/

#results-table {
	border: 1px solid #e6e6e6;
	color: #999;
	font-size: 12px;
	width: 100%
}

#results-table th, #results-table td {
	padding: 5px;
	border: 1px solid #E6E6E6;
	text-align: left
}
#results-table th {
	font-weight: bold
}

/*------------------
 * 2. Extra
 *------------------*/

.log:only-child {
	height: inherit
}
.log {
	background-color: #e6e6e6;
	border: 1px solid #e6e6e6;
	color: black;
	display: block;
	font-family: "Courier New", Courier, monospace;
	height: 230px;
	overflow-y: scroll;
	padding: 5px;
	white-space: pre-wrap
}
div.image {
	border: 1px solid #e6e6e6;
	float: right;
	height: 240px;
	margin-left: 5px;
	overflow: hidden;
	width: 320px
}
div.image img {
	width: 320px
}
div.video {
	border: 1px solid #e6e6e6;
	float: right;
	height: 240px;
	margin-left: 5px;
	overflow: hidden;
	width: 320px
}
div.video video {
	overflow: hidden;
	width: 320px;
    height: 240px;
}
.collapsed {
	display: none;
}
.expander::after {
	content: " (show details)";
	color: #BBB;
	font-style: italic;
	cursor: pointer;
}
.collapser::after {
	content: " (hide details)";
	color: #BBB;
	font-style: italic;
	cursor: pointer;
}

/*------------------
 * 3. Sorting items
 *------------------*/
.sortable {
	cursor: pointer;
}

.sort-icon {
	font-size: 0px;
	float: left;
	margin-right: 5px;
	margin-top: 5px;
	/*triangle*/
	width: 0;
	height: 0;
	border-left: 8px solid transparent;
	border-right: 8px solid transparent;
}

.inactive .sort-icon {
	/*finish triangle*/
	border-top: 8px solid #E6E6E6;
}

.asc.active .sort-icon {
	/*finish triangle*/
	border-bottom: 8px solid #999;
}

.desc.active .sort-icon {
	/*finish triangle*/
	border-top: 8px solid #999;
}
</style></head>
  <body onLoad="init()">
    <script>/* This Source Code Form is subject to the terms of the Mozilla Public
 * License, v. 2.0. If a copy of the MPL was not distributed with this file,
 * You can obtain one at http://mozilla.org/MPL/2.0/. */


function toArray(iter) {
    if (iter === null) {
        return null;
    }
    return Array.prototype.slice.call(iter);
}

function find(selector, elem) {
    if (!elem) {
        elem = document;
    }
    return elem.querySelector(selector);
}

function find_all(selector, elem) {
    if (!elem) {
        elem = document;
    }
    return toArray(elem.querySelectorAll(selector));
}

function sort_column(elem) {
    toggle_sort_states(elem);
    var colIndex = toArray(elem.parentNode.childNodes).indexOf(elem);
    var key;
    if (elem.classList.contains('numeric')) {
        key = key_num;
    } else if (elem.classList.contains('result')) {
        key = key_result;
    } else {
        key = key_alpha;
    }
    sort_table(elem, key(colIndex));
}

function show_all_extras() {
    find_all('.col-result').forEach(show_extras);
}

function hide_all_extras() {
    find_all('.col-result').forEach(hide_extras);
}

function show_extras(colresult_elem) {
    var extras = colresult_elem.parentNode.nextElementSibling;
    var expandcollapse = colresult_elem.firstElementChild;
    extras.classList.remove("collapsed");
    expandcollapse.classList.remove("expander");
    expandcollapse.classList.add("collapser");
}

function hide_extras(colresult_elem) {
    var extras = colresult_elem.parentNode.nextElementSibling;
    var expandcollapse = colresult_elem.firstElementChild;
    extras.classList.add("collapsed");
    expandcollapse.classList.remove("collapser");
    expandcollapse.classList.add("expander");
}

function show_filters() {
    var filter_items = document.getElementsByClassName('filter');
    for (var i = 0; i < filter_items.length; i++)
        filter_items[i].hidden = false;
}

function add_collapse() {
    // Add links for show/hide all
    var resulttable = find('table#results-table');
    var showhideall = document.createElement("p");
    showhideall.innerHTML = '<a href="javascript:show_all_extras()">Show all details</a> / ' +
                            '<a href="javascript:hide_all_extras()">Hide all details</a>';
    resulttable.parentElement.insertBefore(showhideall, resulttable);

    // Add show/hide link to each result
    find_all('.col-result').forEach(function(elem) {
        var collapsed = get_query_parameter('collapsed') || 'Passed';
        var extras = elem.parentNode.nextElementSibling;
        var expandcollapse = document.createElement("span");
        if (extras.classList.contains("collapsed")) {
            expandcollapse.classList.add("expander")
        } else if (collapsed.includes(elem.innerHTML)) {
            extras.classList.add("collapsed");
            expandcollapse.classList.add("expander");
        } else {
            expandcollapse.classList.add("collapser");
        }
        elem.appendChild(expandcollapse);

        elem.addEventListener("click", function(event) {
            if (event.currentTarget.parentNode.nextElementSibling.classList.contains("collapsed")) {
                show_extras(event.currentTarget);
            } else {
                hide_extras(event.currentTarget);
            }
        });
    })
}

function get_query_parameter(name) {
    var match = RegExp('[?&]' + name + '=([^&]*)').exec(window.location.search);
    return match && decodeURIComponent(match[1].replace(/\+/g, ' '));
}

function init () {
    reset_sort_headers();

    add_collapse();

    show_filters();

    sort_column(find('.initial-sort'));

    find_all('.sortable').forEach(function(elem) {
        elem.addEventListener("click",
                              function(event) {
                                  sort_column(elem);
                              }, false)
    });

};

function sort_table(clicked, key_func) {
    var rows = find_all('.results-table-row');
    var reversed = !clicked.classList.contains('asc');
    var sorted_rows = sort(rows, key_func, reversed);
    /* Whole table is removed here because browsers acts much slower
     * when appending existing elements.
     */
    var thead = document.getElementById("results-table-head");
    document.getElementById('results-table').remove();
    var parent = document.createElement("table");
    parent.id = "results-table";
    parent.appendChild(thead);
    sorted_rows.forEach(function(elem) {
        parent.appendChild(elem);
    });
    document.getElementsByTagName("BODY")[0].appendChild(parent);
}

function sort(items, key_func, reversed) {
    var sort_array = items.map(function(item, i) {
        return [key_func(item), i];
    });

    sort_array.sort(function(a, b) {
        var key_a = a[0];
        var key_b = b[0];

        if (key_a == key_b) return 0;

        if (reversed) {
            return (key_a < key_b ? 1 : -1);
        } else {
            return (key_a > key_b ? 1 : -1);
        }
    });

    return sort_array.map(function(item) {
        var index = item[1];
        return items[index];
    });
}

function key_alpha(col_index) {
    return function(elem) {
        return elem.childNodes[1].childNodes[col_index].firstChild.data.toLowerCase();
    };
}

function key_num(col_index) {
    return function(elem) {
        return parseFloat(elem.childNodes[1].childNodes[col_index].firstChild.data);
    };
}

function key_result(col_index) {
    return function(elem) {
        var strings = ['Error', 'Failed', 'Rerun', 'XFailed', 'XPassed',
                       'Skipped', 'Passed'];
        return strings.indexOf(elem.childNodes[1].childNodes[col_index].firstChild.data);
    };
}

function reset_sort_headers() {
    find_all('.sort-icon').forEach(function(elem) {
        elem.parentNode.removeChild(elem);
    });
    find_all('.sortable').forEach(function(elem) {
        var icon = document.createElement("div");
        icon.className = "sort-icon";
        icon.textContent = "vvv";
        elem.insertBefore(icon, elem.firstChild);
        elem.classList.remove("desc", "active");
        elem.classList.add("asc", "inactive");
    });
}

function toggle_sort_states(elem) {
    //if active, toggle between asc and desc
    if (elem.classList.contains('active')) {
        elem.classList.toggle('asc');
        elem.classList.toggle('desc');
    }

    //if inactive, reset all other functions and add ascending active
    if (elem.classList.contains('inactive')) {
        reset_sort_headers();
        elem.classList.remove('inactive');
        elem.classList.add('active');
    }
}

function is_all_rows_hidden(value) {
  return value.hidden == false;
}

function filter_table(elem) {
    var outcome_att = "data-test-result";
    var outcome = elem.getAttribute(outcome_att);
    class_outcome = outcome + " results-table-row";
    var outcome_rows = document.getElementsByClassName(class_outcome);

    for(var i = 0; i < outcome_rows.length; i++){
        outcome_rows[i].hidden = !elem.checked;
    }

    var rows = find_all('.results-table-row').filter(is_all_rows_hidden);
    var all_rows_hidden = rows.length == 0 ? true : false;
    var not_found_message = document.getElementById("not-found-message");
    not_found_message.hidden = !all_rows_hidden;
}
</script>
    <h1>SIMAP_regression_report.html</h1>
    <p>Report generated on 18-Aug-2020 at 16:55:40 by <a href="https://pypi.python.org/pypi/pytest-html">pytest-html</a> v2.1.1</p>
    <h2>Environment</h2>
    <table id="environment">
      <tr>
        <td>Packages</td>
        <td>{"pluggy": "0.13.1", "py": "1.9.0", "pytest": "6.0.1"}</td></tr>
      <tr>
        <td>Platform</td>
        <td>Linux-5.3.0-1032-aws-x86_64-with-Ubuntu-18.04-bionic</td></tr>
      <tr>
        <td>Plugins</td>
        <td>{"forked": "1.3.0", "html": "2.1.1", "metadata": "1.10.0", "xdist": "2.0.0"}</td></tr>
      <tr>
        <td>Python</td>
        <td>3.6.9</td></tr></table>
    <h2>Summary</h2>
    <p>33 tests ran in 171.11 seconds. </p>
    <p class="filter" hidden="true">(Un)check the boxes to filter the results.</p><input checked="true" class="filter" data-test-result="passed" hidden="true" name="filter_checkbox" onChange="filter_table(this)" type="checkbox"/><span class="passed">32 passed</span>, <input checked="true" class="filter" data-test-result="skipped" disabled="true" hidden="true" name="filter_checkbox" onChange="filter_table(this)" type="checkbox"/><span class="skipped">0 skipped</span>, <input checked="true" class="filter" data-test-result="failed" hidden="true" name="filter_checkbox" onChange="filter_table(this)" type="checkbox"/><span class="failed">1 failed</span>, <input checked="true" class="filter" data-test-result="error" hidden="true" name="filter_checkbox" onChange="filter_table(this)" type="checkbox"/><span class="error">3 errors</span>, <input checked="true" class="filter" data-test-result="xfailed" disabled="true" hidden="true" name="filter_checkbox" onChange="filter_table(this)" type="checkbox"/><span class="xfailed">0 expected failures</span>, <input checked="true" class="filter" data-test-result="xpassed" disabled="true" hidden="true" name="filter_checkbox" onChange="filter_table(this)" type="checkbox"/><span class="xpassed">0 unexpected passes</span>
    <h2>Results</h2>
    <table id="results-table">
      <thead id="results-table-head">
        <tr>
          <th class="sortable result initial-sort" col="result">Result</th>
          <th class="sortable" col="name">Test</th>
          <th class="sortable numeric" col="duration">Duration</th>
          <th>Links</th></tr>
        <tr hidden="true" id="not-found-message">
          <th colspan="4">No results found. Try to check the filters</th></tr></thead>
      <tbody class="error results-table-row">
        <tr>
          <td class="col-result">Error</td>
          <td class="col-name">SI/MAP/School_Map_regression_testing.py::cQube_SI_Map_Report::test_clusterwise_csv::setup</td>
          <td class="col-duration">4.38</td>
          <td class="col-links"></td></tr>
        <tr>
          <td class="extra" colspan="4">
            <div class="log">[gw15] linux -- Python 3.6.9 /home/ubuntu/chetan/cQubeTesting/venv/bin/python<br/><br/>self = &lt;class &#x27;MAP.School_Map_regression_testing.cQube_SI_Map_Report&#x27;&gt;<br/><br/>    @classmethod<br/>    def setUpClass(self):<br/>        self.total_tests = 39<br/>        self.tests = [0] * 40<br/>        self.data = GetData()<br/>        self.logger = self.data.get_regression_log(&quot;schoolinframap&quot;)<br/>&gt;       self.driver = self.data.get_driver()<br/><br/>SI/MAP/School_Map_regression_testing.py:63: <br/>_ _ _ _ _ _ _ _ _ _ _ _ _ _ _ _ _ _ _ _ _ _ _ _ _ _ _ _ _ _ _ _ _ _ _ _ _ _ _ _ <br/>reuse_func.py:160: in get_driver<br/>    },options=options)<br/>venv/lib/python3.6/site-packages/selenium/webdriver/remote/webdriver.py:157: in __init__<br/>    self.start_session(capabilities, browser_profile)<br/>venv/lib/python3.6/site-packages/selenium/webdriver/remote/webdriver.py:252: in start_session<br/>    response = self.execute(Command.NEW_SESSION, parameters)<br/>venv/lib/python3.6/site-packages/selenium/webdriver/remote/webdriver.py:321: in execute<br/>    self.error_handler.check_response(response)<br/>_ _ _ _ _ _ _ _ _ _ _ _ _ _ _ _ _ _ _ _ _ _ _ _ _ _ _ _ _ _ _ _ _ _ _ _ _ _ _ _ <br/><br/>self = &lt;selenium.webdriver.remote.errorhandler.ErrorHandler object at 0x7f49cac63e48&gt;<br/>response = {&#x27;status&#x27;: 500, &#x27;value&#x27;: &#x27;{\n  &quot;value&quot;: {\n    &quot;stacktrace&quot;: &quot;org.openqa.selenium.WebDriverException: unknown error: C...wn\\nremote stacktrace: #0 0x5562caa0aea9 \\u003cunknown&gt;\\n&quot;,\n    &quot;error&quot;: &quot;unknown error&quot;\n  },\n  &quot;status&quot;: 13\n}&#x27;}<br/><br/>    def check_response(self, response):<br/>        &quot;&quot;&quot;<br/>        Checks that a JSON response from the WebDriver does not have an error.<br/>    <br/>        :Args:<br/>         - response - The JSON response from the WebDriver server as a dictionary<br/>           object.<br/>    <br/>        :Raises: If the response contains an error message.<br/>        &quot;&quot;&quot;<br/>        status = response.get(&#x27;status&#x27;, None)<br/>        if status is None or status == ErrorCode.SUCCESS:<br/>            return<br/>        value = None<br/>        message = response.get(&quot;message&quot;, &quot;&quot;)<br/>        screen = response.get(&quot;screen&quot;, &quot;&quot;)<br/>        stacktrace = None<br/>        if isinstance(status, int):<br/>            value_json = response.get(&#x27;value&#x27;, None)<br/>            if value_json and isinstance(value_json, basestring):<br/>                import json<br/>                try:<br/>                    value = json.loads(value_json)<br/>                    if len(value.keys()) == 1:<br/>                        value = value[&#x27;value&#x27;]<br/>                    status = value.get(&#x27;error&#x27;, None)<br/>                    if status is None:<br/>                        status = value[&quot;status&quot;]<br/>                        message = value[&quot;value&quot;]<br/>                        if not isinstance(message, basestring):<br/>                            value = message<br/>                            message = message.get(&#x27;message&#x27;)<br/>                    else:<br/>                        message = value.get(&#x27;message&#x27;, None)<br/>                except ValueError:<br/>                    pass<br/>    <br/>        exception_class = ErrorInResponseException<br/>        if status in ErrorCode.NO_SUCH_ELEMENT:<br/>            exception_class = NoSuchElementException<br/>        elif status in ErrorCode.NO_SUCH_FRAME:<br/>            exception_class = NoSuchFrameException<br/>        elif status in ErrorCode.NO_SUCH_WINDOW:<br/>            exception_class = NoSuchWindowException<br/>        elif status in ErrorCode.STALE_ELEMENT_REFERENCE:<br/>            exception_class = StaleElementReferenceException<br/>        elif status in ErrorCode.ELEMENT_NOT_VISIBLE:<br/>            exception_class = ElementNotVisibleException<br/>        elif status in ErrorCode.INVALID_ELEMENT_STATE:<br/>            exception_class = InvalidElementStateException<br/>        elif status in ErrorCode.INVALID_SELECTOR \<br/>                or status in ErrorCode.INVALID_XPATH_SELECTOR \<br/>                or status in ErrorCode.INVALID_XPATH_SELECTOR_RETURN_TYPER:<br/>            exception_class = InvalidSelectorException<br/>        elif status in ErrorCode.ELEMENT_IS_NOT_SELECTABLE:<br/>            exception_class = ElementNotSelectableException<br/>        elif status in ErrorCode.ELEMENT_NOT_INTERACTABLE:<br/>            exception_class = ElementNotInteractableException<br/>        elif status in ErrorCode.INVALID_COOKIE_DOMAIN:<br/>            exception_class = InvalidCookieDomainException<br/>        elif status in ErrorCode.UNABLE_TO_SET_COOKIE:<br/>            exception_class = UnableToSetCookieException<br/>        elif status in ErrorCode.TIMEOUT:<br/>            exception_class = TimeoutException<br/>        elif status in ErrorCode.SCRIPT_TIMEOUT:<br/>            exception_class = TimeoutException<br/>        elif status in ErrorCode.UNKNOWN_ERROR:<br/>            exception_class = WebDriverException<br/>        elif status in ErrorCode.UNEXPECTED_ALERT_OPEN:<br/>            exception_class = UnexpectedAlertPresentException<br/>        elif status in ErrorCode.NO_ALERT_OPEN:<br/>            exception_class = NoAlertPresentException<br/>        elif status in ErrorCode.IME_NOT_AVAILABLE:<br/>            exception_class = ImeNotAvailableException<br/>        elif status in ErrorCode.IME_ENGINE_ACTIVATION_FAILED:<br/>            exception_class = ImeActivationFailedException<br/>        elif status in ErrorCode.MOVE_TARGET_OUT_OF_BOUNDS:<br/>            exception_class = MoveTargetOutOfBoundsException<br/>        elif status in ErrorCode.JAVASCRIPT_ERROR:<br/>            exception_class = JavascriptException<br/>        elif status in ErrorCode.SESSION_NOT_CREATED:<br/>            exception_class = SessionNotCreatedException<br/>        elif status in ErrorCode.INVALID_ARGUMENT:<br/>            exception_class = InvalidArgumentException<br/>        elif status in ErrorCode.NO_SUCH_COOKIE:<br/>            exception_class = NoSuchCookieException<br/>        elif status in ErrorCode.UNABLE_TO_CAPTURE_SCREEN:<br/>            exception_class = ScreenshotException<br/>        elif status in ErrorCode.ELEMENT_CLICK_INTERCEPTED:<br/>            exception_class = ElementClickInterceptedException<br/>        elif status in ErrorCode.INSECURE_CERTIFICATE:<br/>            exception_class = InsecureCertificateException<br/>        elif status in ErrorCode.INVALID_COORDINATES:<br/>            exception_class = InvalidCoordinatesException<br/>        elif status in ErrorCode.INVALID_SESSION_ID:<br/>            exception_class = InvalidSessionIdException<br/>        elif status in ErrorCode.UNKNOWN_METHOD:<br/>            exception_class = UnknownMethodException<br/>        else:<br/>            exception_class = WebDriverException<br/>        if value == &#x27;&#x27; or value is None:<br/>            value = response[&#x27;value&#x27;]<br/>        if isinstance(value, basestring):<br/>            if exception_class == ErrorInResponseException:<br/>                raise exception_class(response, value)<br/>            raise exception_class(value)<br/>        if message == &quot;&quot; and &#x27;message&#x27; in value:<br/>            message = value[&#x27;message&#x27;]<br/>    <br/>        screen = None<br/>        if &#x27;screen&#x27; in value:<br/>            screen = value[&#x27;screen&#x27;]<br/>    <br/>        stacktrace = None<br/>        if &#x27;stackTrace&#x27; in value and value[&#x27;stackTrace&#x27;]:<br/>            stacktrace = []<br/>            try:<br/>                for frame in value[&#x27;stackTrace&#x27;]:<br/>                    line = self._value_or_default(frame, &#x27;lineNumber&#x27;, &#x27;&#x27;)<br/>                    file = self._value_or_default(frame, &#x27;fileName&#x27;, &#x27;&lt;anonymous&gt;&#x27;)<br/>                    if line:<br/>                        file = &quot;%s:%s&quot; % (file, line)<br/>                    meth = self._value_or_default(frame, &#x27;methodName&#x27;, &#x27;&lt;anonymous&gt;&#x27;)<br/>                    if &#x27;className&#x27; in frame:<br/>                        meth = &quot;%s.%s&quot; % (frame[&#x27;className&#x27;], meth)<br/>                    msg = &quot;    at %s (%s)&quot;<br/>                    msg = msg % (meth, file)<br/>                    stacktrace.append(msg)<br/>            except TypeError:<br/>                pass<br/>        if exception_class == ErrorInResponseException:<br/>            raise exception_class(response, message)<br/>        elif exception_class == UnexpectedAlertPresentException:<br/>            alert_text = None<br/>            if &#x27;data&#x27; in value:<br/>                alert_text = value[&#x27;data&#x27;].get(&#x27;text&#x27;)<br/>            elif &#x27;alert&#x27; in value:<br/>                alert_text = value[&#x27;alert&#x27;].get(&#x27;text&#x27;)<br/>            raise exception_class(message, screen, stacktrace, alert_text)<br/>&gt;       raise exception_class(message, screen, stacktrace)<br/><span class="error">E       selenium.common.exceptions.WebDriverException: Message: unknown error: Chrome failed to start: crashed.</span><br/><span class="error">E         (chrome not reachable)</span><br/><span class="error">E         (The process started from chrome location /usr/bin/google-chrome is no longer running, so ChromeDriver is assuming that Chrome has crashed.)</span><br/><span class="error">E       Build info: version: &#x27;3.141.59&#x27;, revision: &#x27;e82be7d358&#x27;, time: &#x27;2018-11-14T08:25:53&#x27;</span><br/><span class="error">E       System info: host: &#x27;ip-172-31-31-236&#x27;, ip: &#x27;172.31.31.236&#x27;, os.name: &#x27;Linux&#x27;, os.arch: &#x27;amd64&#x27;, os.version: &#x27;5.3.0-1032-aws&#x27;, java.version: &#x27;1.8.0_265&#x27;</span><br/><span class="error">E       Driver info: driver.version: unknown</span><br/><span class="error">E       remote stacktrace: #0 0x5562caa0aea9 &lt;unknown&gt;</span><br/><span class="error">E       </span><br/><span class="error">E       Stacktrace:</span><br/><span class="error">E           at sun.reflect.NativeConstructorAccessorImpl.newInstance0 (NativeConstructorAccessorImpl.java:-2)</span><br/><span class="error">E           at sun.reflect.NativeConstructorAccessorImpl.newInstance (NativeConstructorAccessorImpl.java:62)</span><br/><span class="error">E           at sun.reflect.DelegatingConstructorAccessorImpl.newInstance (DelegatingConstructorAccessorImpl.java:45)</span><br/><span class="error">E           at java.lang.reflect.Constructor.newInstance (Constructor.java:423)</span><br/><span class="error">E           at org.openqa.selenium.remote.W3CHandshakeResponse.lambda$errorHandler$0 (W3CHandshakeResponse.java:62)</span><br/><span class="error">E           at org.openqa.selenium.remote.HandshakeResponse.lambda$getResponseFunction$0 (HandshakeResponse.java:30)</span><br/><span class="error">E           at org.openqa.selenium.remote.ProtocolHandshake.lambda$createSession$0 (ProtocolHandshake.java:126)</span><br/><span class="error">E           at java.util.stream.ReferencePipeline$3$1.accept (ReferencePipeline.java:193)</span><br/><span class="error">E           at java.util.Spliterators$ArraySpliterator.tryAdvance (Spliterators.java:958)</span><br/><span class="error">E           at java.util.stream.ReferencePipeline.forEachWithCancel (ReferencePipeline.java:126)</span><br/><span class="error">E           at java.util.stream.AbstractPipeline.copyIntoWithCancel (AbstractPipeline.java:499)</span><br/><span class="error">E           at java.util.stream.AbstractPipeline.copyInto (AbstractPipeline.java:486)</span><br/><span class="error">E           at java.util.stream.AbstractPipeline.wrapAndCopyInto (AbstractPipeline.java:472)</span><br/><span class="error">E           at java.util.stream.FindOps$FindOp.evaluateSequential (FindOps.java:152)</span><br/><span class="error">E           at java.util.stream.AbstractPipeline.evaluate (AbstractPipeline.java:234)</span><br/><span class="error">E           at java.util.stream.ReferencePipeline.findFirst (ReferencePipeline.java:531)</span><br/><span class="error">E           at org.openqa.selenium.remote.ProtocolHandshake.createSession (ProtocolHandshake.java:128)</span><br/><span class="error">E           at org.openqa.selenium.remote.ProtocolHandshake.createSession (ProtocolHandshake.java:74)</span><br/><span class="error">E           at org.openqa.selenium.grid.session.remote.RemoteSession$Factory.performHandshake (RemoteSession.java:147)</span><br/><span class="error">E           at org.openqa.selenium.grid.session.remote.ServicedSession$Factory.apply (ServicedSession.java:161)</span><br/><span class="error">E           at org.openqa.selenium.remote.server.ActiveSessionFactory.lambda$apply$12 (ActiveSessionFactory.java:180)</span><br/><span class="error">E           at java.util.stream.ReferencePipeline$3$1.accept (ReferencePipeline.java:193)</span><br/><span class="error">E           at java.util.stream.ReferencePipeline$11$1.accept (ReferencePipeline.java:440)</span><br/><span class="error">E           at java.util.stream.ReferencePipeline$2$1.accept (ReferencePipeline.java:175)</span><br/><span class="error">E           at java.util.Spliterators$ArraySpliterator.tryAdvance (Spliterators.java:958)</span><br/><span class="error">E           at java.util.stream.ReferencePipeline.forEachWithCancel (ReferencePipeline.java:126)</span><br/><span class="error">E           at java.util.stream.AbstractPipeline.copyIntoWithCancel (AbstractPipeline.java:499)</span><br/><span class="error">E           at java.util.stream.AbstractPipeline.copyInto (AbstractPipeline.java:486)</span><br/><span class="error">E           at java.util.stream.AbstractPipeline.wrapAndCopyInto (AbstractPipeline.java:472)</span><br/><span class="error">E           at java.util.stream.FindOps$FindOp.evaluateSequential (FindOps.java:152)</span><br/><span class="error">E           at java.util.stream.AbstractPipeline.evaluate (AbstractPipeline.java:234)</span><br/><span class="error">E           at java.util.stream.ReferencePipeline.findFirst (ReferencePipeline.java:531)</span><br/><span class="error">E           at org.openqa.selenium.remote.server.ActiveSessionFactory.apply (ActiveSessionFactory.java:183)</span><br/><span class="error">E           at org.openqa.selenium.remote.server.NewSessionPipeline.lambda$null$2 (NewSessionPipeline.java:66)</span><br/><span class="error">E           at java.util.stream.ReferencePipeline$3$1.accept (ReferencePipeline.java:193)</span><br/><span class="error">E           at java.util.stream.ReferencePipeline$2$1.accept (ReferencePipeline.java:175)</span><br/><span class="error">E           at java.util.Collections$2.tryAdvance (Collections.java:4719)</span><br/><span class="error">E           at java.util.stream.ReferencePipeline.forEachWithCancel (ReferencePipeline.java:126)</span><br/><span class="error">E           at java.util.stream.AbstractPipeline.copyIntoWithCancel (AbstractPipeline.java:499)</span><br/><span class="error">E           at java.util.stream.AbstractPipeline.copyInto (AbstractPipeline.java:486)</span><br/><span class="error">E           at java.util.stream.AbstractPipeline.wrapAndCopyInto (AbstractPipeline.java:472)</span><br/><span class="error">E           at java.util.stream.FindOps$FindOp.evaluateSequential (FindOps.java:152)</span><br/><span class="error">E           at java.util.stream.AbstractPipeline.evaluate (AbstractPipeline.java:234)</span><br/><span class="error">E           at java.util.stream.ReferencePipeline.findFirst (ReferencePipeline.java:531)</span><br/><span class="error">E           at org.openqa.selenium.remote.server.NewSessionPipeline.lambda$createNewSession$3 (NewSessionPipeline.java:69)</span><br/><span class="error">E           at java.util.stream.ReferencePipeline$3$1.accept (ReferencePipeline.java:193)</span><br/><span class="error">E           at java.util.stream.ReferencePipeline$3$1.accept (ReferencePipeline.java:193)</span><br/><span class="error">E           at java.util.stream.ReferencePipeline$3$1.accept (ReferencePipeline.java:193)</span><br/><span class="error">E           at java.util.stream.DistinctOps$1$2.accept (DistinctOps.java:175)</span><br/><span class="error">E           at java.util.stream.ReferencePipeline$2$1.accept (ReferencePipeline.java:175)</span><br/><span class="error">E           at java.util.stream.ReferencePipeline$3$1.accept (ReferencePipeline.java:193)</span><br/><span class="error">E           at java.util.stream.ReferencePipeline$2$1.accept (ReferencePipeline.java:175)</span><br/><span class="error">E           at java.util.stream.Streams$StreamBuilderImpl.tryAdvance (Streams.java:405)</span><br/><span class="error">E           at java.util.stream.Streams$ConcatSpliterator.tryAdvance (Streams.java:728)</span><br/><span class="error">E           at java.util.stream.ReferencePipeline.forEachWithCancel (ReferencePipeline.java:126)</span><br/><span class="error">E           at java.util.stream.AbstractPipeline.copyIntoWithCancel (AbstractPipeline.java:499)</span><br/><span class="error">E           at java.util.stream.AbstractPipeline.copyInto (AbstractPipeline.java:486)</span><br/><span class="error">E           at java.util.stream.AbstractPipeline.wrapAndCopyInto (AbstractPipeline.java:472)</span><br/><span class="error">E           at java.util.stream.FindOps$FindOp.evaluateSequential (FindOps.java:152)</span><br/><span class="error">E           at java.util.stream.AbstractPipeline.evaluate (AbstractPipeline.java:234)</span><br/><span class="error">E           at java.util.stream.ReferencePipeline.findFirst (ReferencePipeline.java:531)</span><br/><span class="error">E           at org.openqa.selenium.remote.server.NewSessionPipeline.createNewSession (NewSessionPipeline.java:72)</span><br/><span class="error">E           at org.openqa.selenium.remote.server.commandhandler.BeginSession.execute (BeginSession.java:65)</span><br/><span class="error">E           at org.openqa.selenium.remote.server.WebDriverServlet.lambda$handle$0 (WebDriverServlet.java:235)</span><br/><span class="error">E           at java.util.concurrent.Executors$RunnableAdapter.call (Executors.java:511)</span><br/><span class="error">E           at java.util.concurrent.FutureTask.run (FutureTask.java:266)</span><br/><span class="error">E           at java.util.concurrent.ThreadPoolExecutor.runWorker (ThreadPoolExecutor.java:1149)</span><br/><span class="error">E           at java.util.concurrent.ThreadPoolExecutor$Worker.run (ThreadPoolExecutor.java:624)</span><br/><span class="error">E           at java.lang.Thread.run (Thread.java:748)</span><br/><br/>venv/lib/python3.6/site-packages/selenium/webdriver/remote/errorhandler.py:242: WebDriverException<br/></div></td></tr></tbody>
      <tbody class="error results-table-row">
        <tr>
          <td class="col-result">Error</td>
          <td class="col-name">SI/MAP/School_Map_regression_testing.py::cQube_SI_Map_Report::test_clusterlevel_map::setup</td>
          <td class="col-duration">4.48</td>
          <td class="col-links"></td></tr>
        <tr>
          <td class="extra" colspan="4">
            <div class="log">[gw11] linux -- Python 3.6.9 /home/ubuntu/chetan/cQubeTesting/venv/bin/python<br/><br/>self = &lt;class &#x27;MAP.School_Map_regression_testing.cQube_SI_Map_Report&#x27;&gt;<br/><br/>    @classmethod<br/>    def setUpClass(self):<br/>        self.total_tests = 39<br/>        self.tests = [0] * 40<br/>        self.data = GetData()<br/>        self.logger = self.data.get_regression_log(&quot;schoolinframap&quot;)<br/>&gt;       self.driver = self.data.get_driver()<br/><br/>SI/MAP/School_Map_regression_testing.py:63: <br/>_ _ _ _ _ _ _ _ _ _ _ _ _ _ _ _ _ _ _ _ _ _ _ _ _ _ _ _ _ _ _ _ _ _ _ _ _ _ _ _ <br/>reuse_func.py:160: in get_driver<br/>    },options=options)<br/>venv/lib/python3.6/site-packages/selenium/webdriver/remote/webdriver.py:157: in __init__<br/>    self.start_session(capabilities, browser_profile)<br/>venv/lib/python3.6/site-packages/selenium/webdriver/remote/webdriver.py:252: in start_session<br/>    response = self.execute(Command.NEW_SESSION, parameters)<br/>venv/lib/python3.6/site-packages/selenium/webdriver/remote/webdriver.py:321: in execute<br/>    self.error_handler.check_response(response)<br/>_ _ _ _ _ _ _ _ _ _ _ _ _ _ _ _ _ _ _ _ _ _ _ _ _ _ _ _ _ _ _ _ _ _ _ _ _ _ _ _ <br/><br/>self = &lt;selenium.webdriver.remote.errorhandler.ErrorHandler object at 0x7ffbdef23e48&gt;<br/>response = {&#x27;status&#x27;: 500, &#x27;value&#x27;: &#x27;{\n  &quot;value&quot;: {\n    &quot;stacktrace&quot;: &quot;org.openqa.selenium.WebDriverException: unknown error: C...wn\\nremote stacktrace: #0 0x5561c1c85ea9 \\u003cunknown&gt;\\n&quot;,\n    &quot;error&quot;: &quot;unknown error&quot;\n  },\n  &quot;status&quot;: 13\n}&#x27;}<br/><br/>    def check_response(self, response):<br/>        &quot;&quot;&quot;<br/>        Checks that a JSON response from the WebDriver does not have an error.<br/>    <br/>        :Args:<br/>         - response - The JSON response from the WebDriver server as a dictionary<br/>           object.<br/>    <br/>        :Raises: If the response contains an error message.<br/>        &quot;&quot;&quot;<br/>        status = response.get(&#x27;status&#x27;, None)<br/>        if status is None or status == ErrorCode.SUCCESS:<br/>            return<br/>        value = None<br/>        message = response.get(&quot;message&quot;, &quot;&quot;)<br/>        screen = response.get(&quot;screen&quot;, &quot;&quot;)<br/>        stacktrace = None<br/>        if isinstance(status, int):<br/>            value_json = response.get(&#x27;value&#x27;, None)<br/>            if value_json and isinstance(value_json, basestring):<br/>                import json<br/>                try:<br/>                    value = json.loads(value_json)<br/>                    if len(value.keys()) == 1:<br/>                        value = value[&#x27;value&#x27;]<br/>                    status = value.get(&#x27;error&#x27;, None)<br/>                    if status is None:<br/>                        status = value[&quot;status&quot;]<br/>                        message = value[&quot;value&quot;]<br/>                        if not isinstance(message, basestring):<br/>                            value = message<br/>                            message = message.get(&#x27;message&#x27;)<br/>                    else:<br/>                        message = value.get(&#x27;message&#x27;, None)<br/>                except ValueError:<br/>                    pass<br/>    <br/>        exception_class = ErrorInResponseException<br/>        if status in ErrorCode.NO_SUCH_ELEMENT:<br/>            exception_class = NoSuchElementException<br/>        elif status in ErrorCode.NO_SUCH_FRAME:<br/>            exception_class = NoSuchFrameException<br/>        elif status in ErrorCode.NO_SUCH_WINDOW:<br/>            exception_class = NoSuchWindowException<br/>        elif status in ErrorCode.STALE_ELEMENT_REFERENCE:<br/>            exception_class = StaleElementReferenceException<br/>        elif status in ErrorCode.ELEMENT_NOT_VISIBLE:<br/>            exception_class = ElementNotVisibleException<br/>        elif status in ErrorCode.INVALID_ELEMENT_STATE:<br/>            exception_class = InvalidElementStateException<br/>        elif status in ErrorCode.INVALID_SELECTOR \<br/>                or status in ErrorCode.INVALID_XPATH_SELECTOR \<br/>                or status in ErrorCode.INVALID_XPATH_SELECTOR_RETURN_TYPER:<br/>            exception_class = InvalidSelectorException<br/>        elif status in ErrorCode.ELEMENT_IS_NOT_SELECTABLE:<br/>            exception_class = ElementNotSelectableException<br/>        elif status in ErrorCode.ELEMENT_NOT_INTERACTABLE:<br/>            exception_class = ElementNotInteractableException<br/>        elif status in ErrorCode.INVALID_COOKIE_DOMAIN:<br/>            exception_class = InvalidCookieDomainException<br/>        elif status in ErrorCode.UNABLE_TO_SET_COOKIE:<br/>            exception_class = UnableToSetCookieException<br/>        elif status in ErrorCode.TIMEOUT:<br/>            exception_class = TimeoutException<br/>        elif status in ErrorCode.SCRIPT_TIMEOUT:<br/>            exception_class = TimeoutException<br/>        elif status in ErrorCode.UNKNOWN_ERROR:<br/>            exception_class = WebDriverException<br/>        elif status in ErrorCode.UNEXPECTED_ALERT_OPEN:<br/>            exception_class = UnexpectedAlertPresentException<br/>        elif status in ErrorCode.NO_ALERT_OPEN:<br/>            exception_class = NoAlertPresentException<br/>        elif status in ErrorCode.IME_NOT_AVAILABLE:<br/>            exception_class = ImeNotAvailableException<br/>        elif status in ErrorCode.IME_ENGINE_ACTIVATION_FAILED:<br/>            exception_class = ImeActivationFailedException<br/>        elif status in ErrorCode.MOVE_TARGET_OUT_OF_BOUNDS:<br/>            exception_class = MoveTargetOutOfBoundsException<br/>        elif status in ErrorCode.JAVASCRIPT_ERROR:<br/>            exception_class = JavascriptException<br/>        elif status in ErrorCode.SESSION_NOT_CREATED:<br/>            exception_class = SessionNotCreatedException<br/>        elif status in ErrorCode.INVALID_ARGUMENT:<br/>            exception_class = InvalidArgumentException<br/>        elif status in ErrorCode.NO_SUCH_COOKIE:<br/>            exception_class = NoSuchCookieException<br/>        elif status in ErrorCode.UNABLE_TO_CAPTURE_SCREEN:<br/>            exception_class = ScreenshotException<br/>        elif status in ErrorCode.ELEMENT_CLICK_INTERCEPTED:<br/>            exception_class = ElementClickInterceptedException<br/>        elif status in ErrorCode.INSECURE_CERTIFICATE:<br/>            exception_class = InsecureCertificateException<br/>        elif status in ErrorCode.INVALID_COORDINATES:<br/>            exception_class = InvalidCoordinatesException<br/>        elif status in ErrorCode.INVALID_SESSION_ID:<br/>            exception_class = InvalidSessionIdException<br/>        elif status in ErrorCode.UNKNOWN_METHOD:<br/>            exception_class = UnknownMethodException<br/>        else:<br/>            exception_class = WebDriverException<br/>        if value == &#x27;&#x27; or value is None:<br/>            value = response[&#x27;value&#x27;]<br/>        if isinstance(value, basestring):<br/>            if exception_class == ErrorInResponseException:<br/>                raise exception_class(response, value)<br/>            raise exception_class(value)<br/>        if message == &quot;&quot; and &#x27;message&#x27; in value:<br/>            message = value[&#x27;message&#x27;]<br/>    <br/>        screen = None<br/>        if &#x27;screen&#x27; in value:<br/>            screen = value[&#x27;screen&#x27;]<br/>    <br/>        stacktrace = None<br/>        if &#x27;stackTrace&#x27; in value and value[&#x27;stackTrace&#x27;]:<br/>            stacktrace = []<br/>            try:<br/>                for frame in value[&#x27;stackTrace&#x27;]:<br/>                    line = self._value_or_default(frame, &#x27;lineNumber&#x27;, &#x27;&#x27;)<br/>                    file = self._value_or_default(frame, &#x27;fileName&#x27;, &#x27;&lt;anonymous&gt;&#x27;)<br/>                    if line:<br/>                        file = &quot;%s:%s&quot; % (file, line)<br/>                    meth = self._value_or_default(frame, &#x27;methodName&#x27;, &#x27;&lt;anonymous&gt;&#x27;)<br/>                    if &#x27;className&#x27; in frame:<br/>                        meth = &quot;%s.%s&quot; % (frame[&#x27;className&#x27;], meth)<br/>                    msg = &quot;    at %s (%s)&quot;<br/>                    msg = msg % (meth, file)<br/>                    stacktrace.append(msg)<br/>            except TypeError:<br/>                pass<br/>        if exception_class == ErrorInResponseException:<br/>            raise exception_class(response, message)<br/>        elif exception_class == UnexpectedAlertPresentException:<br/>            alert_text = None<br/>            if &#x27;data&#x27; in value:<br/>                alert_text = value[&#x27;data&#x27;].get(&#x27;text&#x27;)<br/>            elif &#x27;alert&#x27; in value:<br/>                alert_text = value[&#x27;alert&#x27;].get(&#x27;text&#x27;)<br/>            raise exception_class(message, screen, stacktrace, alert_text)<br/>&gt;       raise exception_class(message, screen, stacktrace)<br/><span class="error">E       selenium.common.exceptions.WebDriverException: Message: unknown error: Chrome failed to start: crashed.</span><br/><span class="error">E         (chrome not reachable)</span><br/><span class="error">E         (The process started from chrome location /usr/bin/google-chrome is no longer running, so ChromeDriver is assuming that Chrome has crashed.)</span><br/><span class="error">E       Build info: version: &#x27;3.141.59&#x27;, revision: &#x27;e82be7d358&#x27;, time: &#x27;2018-11-14T08:25:53&#x27;</span><br/><span class="error">E       System info: host: &#x27;ip-172-31-31-236&#x27;, ip: &#x27;172.31.31.236&#x27;, os.name: &#x27;Linux&#x27;, os.arch: &#x27;amd64&#x27;, os.version: &#x27;5.3.0-1032-aws&#x27;, java.version: &#x27;1.8.0_265&#x27;</span><br/><span class="error">E       Driver info: driver.version: unknown</span><br/><span class="error">E       remote stacktrace: #0 0x5561c1c85ea9 &lt;unknown&gt;</span><br/><span class="error">E       </span><br/><span class="error">E       Stacktrace:</span><br/><span class="error">E           at sun.reflect.NativeConstructorAccessorImpl.newInstance0 (NativeConstructorAccessorImpl.java:-2)</span><br/><span class="error">E           at sun.reflect.NativeConstructorAccessorImpl.newInstance (NativeConstructorAccessorImpl.java:62)</span><br/><span class="error">E           at sun.reflect.DelegatingConstructorAccessorImpl.newInstance (DelegatingConstructorAccessorImpl.java:45)</span><br/><span class="error">E           at java.lang.reflect.Constructor.newInstance (Constructor.java:423)</span><br/><span class="error">E           at org.openqa.selenium.remote.W3CHandshakeResponse.lambda$errorHandler$0 (W3CHandshakeResponse.java:62)</span><br/><span class="error">E           at org.openqa.selenium.remote.HandshakeResponse.lambda$getResponseFunction$0 (HandshakeResponse.java:30)</span><br/><span class="error">E           at org.openqa.selenium.remote.ProtocolHandshake.lambda$createSession$0 (ProtocolHandshake.java:126)</span><br/><span class="error">E           at java.util.stream.ReferencePipeline$3$1.accept (ReferencePipeline.java:193)</span><br/><span class="error">E           at java.util.Spliterators$ArraySpliterator.tryAdvance (Spliterators.java:958)</span><br/><span class="error">E           at java.util.stream.ReferencePipeline.forEachWithCancel (ReferencePipeline.java:126)</span><br/><span class="error">E           at java.util.stream.AbstractPipeline.copyIntoWithCancel (AbstractPipeline.java:499)</span><br/><span class="error">E           at java.util.stream.AbstractPipeline.copyInto (AbstractPipeline.java:486)</span><br/><span class="error">E           at java.util.stream.AbstractPipeline.wrapAndCopyInto (AbstractPipeline.java:472)</span><br/><span class="error">E           at java.util.stream.FindOps$FindOp.evaluateSequential (FindOps.java:152)</span><br/><span class="error">E           at java.util.stream.AbstractPipeline.evaluate (AbstractPipeline.java:234)</span><br/><span class="error">E           at java.util.stream.ReferencePipeline.findFirst (ReferencePipeline.java:531)</span><br/><span class="error">E           at org.openqa.selenium.remote.ProtocolHandshake.createSession (ProtocolHandshake.java:128)</span><br/><span class="error">E           at org.openqa.selenium.remote.ProtocolHandshake.createSession (ProtocolHandshake.java:74)</span><br/><span class="error">E           at org.openqa.selenium.grid.session.remote.RemoteSession$Factory.performHandshake (RemoteSession.java:147)</span><br/><span class="error">E           at org.openqa.selenium.grid.session.remote.ServicedSession$Factory.apply (ServicedSession.java:161)</span><br/><span class="error">E           at org.openqa.selenium.remote.server.ActiveSessionFactory.lambda$apply$12 (ActiveSessionFactory.java:180)</span><br/><span class="error">E           at java.util.stream.ReferencePipeline$3$1.accept (ReferencePipeline.java:193)</span><br/><span class="error">E           at java.util.stream.ReferencePipeline$11$1.accept (ReferencePipeline.java:440)</span><br/><span class="error">E           at java.util.stream.ReferencePipeline$2$1.accept (ReferencePipeline.java:175)</span><br/><span class="error">E           at java.util.Spliterators$ArraySpliterator.tryAdvance (Spliterators.java:958)</span><br/><span class="error">E           at java.util.stream.ReferencePipeline.forEachWithCancel (ReferencePipeline.java:126)</span><br/><span class="error">E           at java.util.stream.AbstractPipeline.copyIntoWithCancel (AbstractPipeline.java:499)</span><br/><span class="error">E           at java.util.stream.AbstractPipeline.copyInto (AbstractPipeline.java:486)</span><br/><span class="error">E           at java.util.stream.AbstractPipeline.wrapAndCopyInto (AbstractPipeline.java:472)</span><br/><span class="error">E           at java.util.stream.FindOps$FindOp.evaluateSequential (FindOps.java:152)</span><br/><span class="error">E           at java.util.stream.AbstractPipeline.evaluate (AbstractPipeline.java:234)</span><br/><span class="error">E           at java.util.stream.ReferencePipeline.findFirst (ReferencePipeline.java:531)</span><br/><span class="error">E           at org.openqa.selenium.remote.server.ActiveSessionFactory.apply (ActiveSessionFactory.java:183)</span><br/><span class="error">E           at org.openqa.selenium.remote.server.NewSessionPipeline.lambda$null$2 (NewSessionPipeline.java:66)</span><br/><span class="error">E           at java.util.stream.ReferencePipeline$3$1.accept (ReferencePipeline.java:193)</span><br/><span class="error">E           at java.util.stream.ReferencePipeline$2$1.accept (ReferencePipeline.java:175)</span><br/><span class="error">E           at java.util.Collections$2.tryAdvance (Collections.java:4719)</span><br/><span class="error">E           at java.util.stream.ReferencePipeline.forEachWithCancel (ReferencePipeline.java:126)</span><br/><span class="error">E           at java.util.stream.AbstractPipeline.copyIntoWithCancel (AbstractPipeline.java:499)</span><br/><span class="error">E           at java.util.stream.AbstractPipeline.copyInto (AbstractPipeline.java:486)</span><br/><span class="error">E           at java.util.stream.AbstractPipeline.wrapAndCopyInto (AbstractPipeline.java:472)</span><br/><span class="error">E           at java.util.stream.FindOps$FindOp.evaluateSequential (FindOps.java:152)</span><br/><span class="error">E           at java.util.stream.AbstractPipeline.evaluate (AbstractPipeline.java:234)</span><br/><span class="error">E           at java.util.stream.ReferencePipeline.findFirst (ReferencePipeline.java:531)</span><br/><span class="error">E           at org.openqa.selenium.remote.server.NewSessionPipeline.lambda$createNewSession$3 (NewSessionPipeline.java:69)</span><br/><span class="error">E           at java.util.stream.ReferencePipeline$3$1.accept (ReferencePipeline.java:193)</span><br/><span class="error">E           at java.util.stream.ReferencePipeline$3$1.accept (ReferencePipeline.java:193)</span><br/><span class="error">E           at java.util.stream.ReferencePipeline$3$1.accept (ReferencePipeline.java:193)</span><br/><span class="error">E           at java.util.stream.DistinctOps$1$2.accept (DistinctOps.java:175)</span><br/><span class="error">E           at java.util.stream.ReferencePipeline$2$1.accept (ReferencePipeline.java:175)</span><br/><span class="error">E           at java.util.stream.ReferencePipeline$3$1.accept (ReferencePipeline.java:193)</span><br/><span class="error">E           at java.util.stream.ReferencePipeline$2$1.accept (ReferencePipeline.java:175)</span><br/><span class="error">E           at java.util.stream.Streams$StreamBuilderImpl.tryAdvance (Streams.java:405)</span><br/><span class="error">E           at java.util.stream.Streams$ConcatSpliterator.tryAdvance (Streams.java:728)</span><br/><span class="error">E           at java.util.stream.ReferencePipeline.forEachWithCancel (ReferencePipeline.java:126)</span><br/><span class="error">E           at java.util.stream.AbstractPipeline.copyIntoWithCancel (AbstractPipeline.java:499)</span><br/><span class="error">E           at java.util.stream.AbstractPipeline.copyInto (AbstractPipeline.java:486)</span><br/><span class="error">E           at java.util.stream.AbstractPipeline.wrapAndCopyInto (AbstractPipeline.java:472)</span><br/><span class="error">E           at java.util.stream.FindOps$FindOp.evaluateSequential (FindOps.java:152)</span><br/><span class="error">E           at java.util.stream.AbstractPipeline.evaluate (AbstractPipeline.java:234)</span><br/><span class="error">E           at java.util.stream.ReferencePipeline.findFirst (ReferencePipeline.java:531)</span><br/><span class="error">E           at org.openqa.selenium.remote.server.NewSessionPipeline.createNewSession (NewSessionPipeline.java:72)</span><br/><span class="error">E           at org.openqa.selenium.remote.server.commandhandler.BeginSession.execute (BeginSession.java:65)</span><br/><span class="error">E           at org.openqa.selenium.remote.server.WebDriverServlet.lambda$handle$0 (WebDriverServlet.java:235)</span><br/><span class="error">E           at java.util.concurrent.Executors$RunnableAdapter.call (Executors.java:511)</span><br/><span class="error">E           at java.util.concurrent.FutureTask.run (FutureTask.java:266)</span><br/><span class="error">E           at java.util.concurrent.ThreadPoolExecutor.runWorker (ThreadPoolExecutor.java:1149)</span><br/><span class="error">E           at java.util.concurrent.ThreadPoolExecutor$Worker.run (ThreadPoolExecutor.java:624)</span><br/><span class="error">E           at java.lang.Thread.run (Thread.java:748)</span><br/><br/>venv/lib/python3.6/site-packages/selenium/webdriver/remote/errorhandler.py:242: WebDriverException<br/></div></td></tr></tbody>
      <tbody class="error results-table-row">
        <tr>
          <td class="col-result">Error</td>
          <td class="col-name">SI/MAP/School_Map_regression_testing.py::cQube_SI_Map_Report::test_districtwise_school::setup</td>
          <td class="col-duration">5.65</td>
          <td class="col-links"></td></tr>
        <tr>
          <td class="extra" colspan="4">
            <div class="log">[gw23] linux -- Python 3.6.9 /home/ubuntu/chetan/cQubeTesting/venv/bin/python<br/><br/>self = &lt;class &#x27;MAP.School_Map_regression_testing.cQube_SI_Map_Report&#x27;&gt;<br/><br/>    @classmethod<br/>    def setUpClass(self):<br/>        self.total_tests = 39<br/>        self.tests = [0] * 40<br/>        self.data = GetData()<br/>        self.logger = self.data.get_regression_log(&quot;schoolinframap&quot;)<br/>&gt;       self.driver = self.data.get_driver()<br/><br/>SI/MAP/School_Map_regression_testing.py:63: <br/>_ _ _ _ _ _ _ _ _ _ _ _ _ _ _ _ _ _ _ _ _ _ _ _ _ _ _ _ _ _ _ _ _ _ _ _ _ _ _ _ <br/>reuse_func.py:160: in get_driver<br/>    },options=options)<br/>venv/lib/python3.6/site-packages/selenium/webdriver/remote/webdriver.py:157: in __init__<br/>    self.start_session(capabilities, browser_profile)<br/>venv/lib/python3.6/site-packages/selenium/webdriver/remote/webdriver.py:252: in start_session<br/>    response = self.execute(Command.NEW_SESSION, parameters)<br/>venv/lib/python3.6/site-packages/selenium/webdriver/remote/webdriver.py:321: in execute<br/>    self.error_handler.check_response(response)<br/>_ _ _ _ _ _ _ _ _ _ _ _ _ _ _ _ _ _ _ _ _ _ _ _ _ _ _ _ _ _ _ _ _ _ _ _ _ _ _ _ <br/><br/>self = &lt;selenium.webdriver.remote.errorhandler.ErrorHandler object at 0x7ff8879bfe48&gt;<br/>response = {&#x27;status&#x27;: 500, &#x27;value&#x27;: &#x27;{\n  &quot;value&quot;: {\n    &quot;stacktrace&quot;: &quot;org.openqa.selenium.WebDriverException: unknown error: C...wn\\nremote stacktrace: #0 0x55ae47b14ea9 \\u003cunknown&gt;\\n&quot;,\n    &quot;error&quot;: &quot;unknown error&quot;\n  },\n  &quot;status&quot;: 13\n}&#x27;}<br/><br/>    def check_response(self, response):<br/>        &quot;&quot;&quot;<br/>        Checks that a JSON response from the WebDriver does not have an error.<br/>    <br/>        :Args:<br/>         - response - The JSON response from the WebDriver server as a dictionary<br/>           object.<br/>    <br/>        :Raises: If the response contains an error message.<br/>        &quot;&quot;&quot;<br/>        status = response.get(&#x27;status&#x27;, None)<br/>        if status is None or status == ErrorCode.SUCCESS:<br/>            return<br/>        value = None<br/>        message = response.get(&quot;message&quot;, &quot;&quot;)<br/>        screen = response.get(&quot;screen&quot;, &quot;&quot;)<br/>        stacktrace = None<br/>        if isinstance(status, int):<br/>            value_json = response.get(&#x27;value&#x27;, None)<br/>            if value_json and isinstance(value_json, basestring):<br/>                import json<br/>                try:<br/>                    value = json.loads(value_json)<br/>                    if len(value.keys()) == 1:<br/>                        value = value[&#x27;value&#x27;]<br/>                    status = value.get(&#x27;error&#x27;, None)<br/>                    if status is None:<br/>                        status = value[&quot;status&quot;]<br/>                        message = value[&quot;value&quot;]<br/>                        if not isinstance(message, basestring):<br/>                            value = message<br/>                            message = message.get(&#x27;message&#x27;)<br/>                    else:<br/>                        message = value.get(&#x27;message&#x27;, None)<br/>                except ValueError:<br/>                    pass<br/>    <br/>        exception_class = ErrorInResponseException<br/>        if status in ErrorCode.NO_SUCH_ELEMENT:<br/>            exception_class = NoSuchElementException<br/>        elif status in ErrorCode.NO_SUCH_FRAME:<br/>            exception_class = NoSuchFrameException<br/>        elif status in ErrorCode.NO_SUCH_WINDOW:<br/>            exception_class = NoSuchWindowException<br/>        elif status in ErrorCode.STALE_ELEMENT_REFERENCE:<br/>            exception_class = StaleElementReferenceException<br/>        elif status in ErrorCode.ELEMENT_NOT_VISIBLE:<br/>            exception_class = ElementNotVisibleException<br/>        elif status in ErrorCode.INVALID_ELEMENT_STATE:<br/>            exception_class = InvalidElementStateException<br/>        elif status in ErrorCode.INVALID_SELECTOR \<br/>                or status in ErrorCode.INVALID_XPATH_SELECTOR \<br/>                or status in ErrorCode.INVALID_XPATH_SELECTOR_RETURN_TYPER:<br/>            exception_class = InvalidSelectorException<br/>        elif status in ErrorCode.ELEMENT_IS_NOT_SELECTABLE:<br/>            exception_class = ElementNotSelectableException<br/>        elif status in ErrorCode.ELEMENT_NOT_INTERACTABLE:<br/>            exception_class = ElementNotInteractableException<br/>        elif status in ErrorCode.INVALID_COOKIE_DOMAIN:<br/>            exception_class = InvalidCookieDomainException<br/>        elif status in ErrorCode.UNABLE_TO_SET_COOKIE:<br/>            exception_class = UnableToSetCookieException<br/>        elif status in ErrorCode.TIMEOUT:<br/>            exception_class = TimeoutException<br/>        elif status in ErrorCode.SCRIPT_TIMEOUT:<br/>            exception_class = TimeoutException<br/>        elif status in ErrorCode.UNKNOWN_ERROR:<br/>            exception_class = WebDriverException<br/>        elif status in ErrorCode.UNEXPECTED_ALERT_OPEN:<br/>            exception_class = UnexpectedAlertPresentException<br/>        elif status in ErrorCode.NO_ALERT_OPEN:<br/>            exception_class = NoAlertPresentException<br/>        elif status in ErrorCode.IME_NOT_AVAILABLE:<br/>            exception_class = ImeNotAvailableException<br/>        elif status in ErrorCode.IME_ENGINE_ACTIVATION_FAILED:<br/>            exception_class = ImeActivationFailedException<br/>        elif status in ErrorCode.MOVE_TARGET_OUT_OF_BOUNDS:<br/>            exception_class = MoveTargetOutOfBoundsException<br/>        elif status in ErrorCode.JAVASCRIPT_ERROR:<br/>            exception_class = JavascriptException<br/>        elif status in ErrorCode.SESSION_NOT_CREATED:<br/>            exception_class = SessionNotCreatedException<br/>        elif status in ErrorCode.INVALID_ARGUMENT:<br/>            exception_class = InvalidArgumentException<br/>        elif status in ErrorCode.NO_SUCH_COOKIE:<br/>            exception_class = NoSuchCookieException<br/>        elif status in ErrorCode.UNABLE_TO_CAPTURE_SCREEN:<br/>            exception_class = ScreenshotException<br/>        elif status in ErrorCode.ELEMENT_CLICK_INTERCEPTED:<br/>            exception_class = ElementClickInterceptedException<br/>        elif status in ErrorCode.INSECURE_CERTIFICATE:<br/>            exception_class = InsecureCertificateException<br/>        elif status in ErrorCode.INVALID_COORDINATES:<br/>            exception_class = InvalidCoordinatesException<br/>        elif status in ErrorCode.INVALID_SESSION_ID:<br/>            exception_class = InvalidSessionIdException<br/>        elif status in ErrorCode.UNKNOWN_METHOD:<br/>            exception_class = UnknownMethodException<br/>        else:<br/>            exception_class = WebDriverException<br/>        if value == &#x27;&#x27; or value is None:<br/>            value = response[&#x27;value&#x27;]<br/>        if isinstance(value, basestring):<br/>            if exception_class == ErrorInResponseException:<br/>                raise exception_class(response, value)<br/>            raise exception_class(value)<br/>        if message == &quot;&quot; and &#x27;message&#x27; in value:<br/>            message = value[&#x27;message&#x27;]<br/>    <br/>        screen = None<br/>        if &#x27;screen&#x27; in value:<br/>            screen = value[&#x27;screen&#x27;]<br/>    <br/>        stacktrace = None<br/>        if &#x27;stackTrace&#x27; in value and value[&#x27;stackTrace&#x27;]:<br/>            stacktrace = []<br/>            try:<br/>                for frame in value[&#x27;stackTrace&#x27;]:<br/>                    line = self._value_or_default(frame, &#x27;lineNumber&#x27;, &#x27;&#x27;)<br/>                    file = self._value_or_default(frame, &#x27;fileName&#x27;, &#x27;&lt;anonymous&gt;&#x27;)<br/>                    if line:<br/>                        file = &quot;%s:%s&quot; % (file, line)<br/>                    meth = self._value_or_default(frame, &#x27;methodName&#x27;, &#x27;&lt;anonymous&gt;&#x27;)<br/>                    if &#x27;className&#x27; in frame:<br/>                        meth = &quot;%s.%s&quot; % (frame[&#x27;className&#x27;], meth)<br/>                    msg = &quot;    at %s (%s)&quot;<br/>                    msg = msg % (meth, file)<br/>                    stacktrace.append(msg)<br/>            except TypeError:<br/>                pass<br/>        if exception_class == ErrorInResponseException:<br/>            raise exception_class(response, message)<br/>        elif exception_class == UnexpectedAlertPresentException:<br/>            alert_text = None<br/>            if &#x27;data&#x27; in value:<br/>                alert_text = value[&#x27;data&#x27;].get(&#x27;text&#x27;)<br/>            elif &#x27;alert&#x27; in value:<br/>                alert_text = value[&#x27;alert&#x27;].get(&#x27;text&#x27;)<br/>            raise exception_class(message, screen, stacktrace, alert_text)<br/>&gt;       raise exception_class(message, screen, stacktrace)<br/><span class="error">E       selenium.common.exceptions.WebDriverException: Message: unknown error: Chrome failed to start: crashed.</span><br/><span class="error">E         (chrome not reachable)</span><br/><span class="error">E         (The process started from chrome location /usr/bin/google-chrome is no longer running, so ChromeDriver is assuming that Chrome has crashed.)</span><br/><span class="error">E       Build info: version: &#x27;3.141.59&#x27;, revision: &#x27;e82be7d358&#x27;, time: &#x27;2018-11-14T08:25:53&#x27;</span><br/><span class="error">E       System info: host: &#x27;ip-172-31-31-236&#x27;, ip: &#x27;172.31.31.236&#x27;, os.name: &#x27;Linux&#x27;, os.arch: &#x27;amd64&#x27;, os.version: &#x27;5.3.0-1032-aws&#x27;, java.version: &#x27;1.8.0_265&#x27;</span><br/><span class="error">E       Driver info: driver.version: unknown</span><br/><span class="error">E       remote stacktrace: #0 0x55ae47b14ea9 &lt;unknown&gt;</span><br/><span class="error">E       </span><br/><span class="error">E       Stacktrace:</span><br/><span class="error">E           at sun.reflect.NativeConstructorAccessorImpl.newInstance0 (NativeConstructorAccessorImpl.java:-2)</span><br/><span class="error">E           at sun.reflect.NativeConstructorAccessorImpl.newInstance (NativeConstructorAccessorImpl.java:62)</span><br/><span class="error">E           at sun.reflect.DelegatingConstructorAccessorImpl.newInstance (DelegatingConstructorAccessorImpl.java:45)</span><br/><span class="error">E           at java.lang.reflect.Constructor.newInstance (Constructor.java:423)</span><br/><span class="error">E           at org.openqa.selenium.remote.W3CHandshakeResponse.lambda$errorHandler$0 (W3CHandshakeResponse.java:62)</span><br/><span class="error">E           at org.openqa.selenium.remote.HandshakeResponse.lambda$getResponseFunction$0 (HandshakeResponse.java:30)</span><br/><span class="error">E           at org.openqa.selenium.remote.ProtocolHandshake.lambda$createSession$0 (ProtocolHandshake.java:126)</span><br/><span class="error">E           at java.util.stream.ReferencePipeline$3$1.accept (ReferencePipeline.java:193)</span><br/><span class="error">E           at java.util.Spliterators$ArraySpliterator.tryAdvance (Spliterators.java:958)</span><br/><span class="error">E           at java.util.stream.ReferencePipeline.forEachWithCancel (ReferencePipeline.java:126)</span><br/><span class="error">E           at java.util.stream.AbstractPipeline.copyIntoWithCancel (AbstractPipeline.java:499)</span><br/><span class="error">E           at java.util.stream.AbstractPipeline.copyInto (AbstractPipeline.java:486)</span><br/><span class="error">E           at java.util.stream.AbstractPipeline.wrapAndCopyInto (AbstractPipeline.java:472)</span><br/><span class="error">E           at java.util.stream.FindOps$FindOp.evaluateSequential (FindOps.java:152)</span><br/><span class="error">E           at java.util.stream.AbstractPipeline.evaluate (AbstractPipeline.java:234)</span><br/><span class="error">E           at java.util.stream.ReferencePipeline.findFirst (ReferencePipeline.java:531)</span><br/><span class="error">E           at org.openqa.selenium.remote.ProtocolHandshake.createSession (ProtocolHandshake.java:128)</span><br/><span class="error">E           at org.openqa.selenium.remote.ProtocolHandshake.createSession (ProtocolHandshake.java:74)</span><br/><span class="error">E           at org.openqa.selenium.grid.session.remote.RemoteSession$Factory.performHandshake (RemoteSession.java:147)</span><br/><span class="error">E           at org.openqa.selenium.grid.session.remote.ServicedSession$Factory.apply (ServicedSession.java:161)</span><br/><span class="error">E           at org.openqa.selenium.remote.server.ActiveSessionFactory.lambda$apply$12 (ActiveSessionFactory.java:180)</span><br/><span class="error">E           at java.util.stream.ReferencePipeline$3$1.accept (ReferencePipeline.java:193)</span><br/><span class="error">E           at java.util.stream.ReferencePipeline$11$1.accept (ReferencePipeline.java:440)</span><br/><span class="error">E           at java.util.stream.ReferencePipeline$2$1.accept (ReferencePipeline.java:175)</span><br/><span class="error">E           at java.util.Spliterators$ArraySpliterator.tryAdvance (Spliterators.java:958)</span><br/><span class="error">E           at java.util.stream.ReferencePipeline.forEachWithCancel (ReferencePipeline.java:126)</span><br/><span class="error">E           at java.util.stream.AbstractPipeline.copyIntoWithCancel (AbstractPipeline.java:499)</span><br/><span class="error">E           at java.util.stream.AbstractPipeline.copyInto (AbstractPipeline.java:486)</span><br/><span class="error">E           at java.util.stream.AbstractPipeline.wrapAndCopyInto (AbstractPipeline.java:472)</span><br/><span class="error">E           at java.util.stream.FindOps$FindOp.evaluateSequential (FindOps.java:152)</span><br/><span class="error">E           at java.util.stream.AbstractPipeline.evaluate (AbstractPipeline.java:234)</span><br/><span class="error">E           at java.util.stream.ReferencePipeline.findFirst (ReferencePipeline.java:531)</span><br/><span class="error">E           at org.openqa.selenium.remote.server.ActiveSessionFactory.apply (ActiveSessionFactory.java:183)</span><br/><span class="error">E           at org.openqa.selenium.remote.server.NewSessionPipeline.lambda$null$2 (NewSessionPipeline.java:66)</span><br/><span class="error">E           at java.util.stream.ReferencePipeline$3$1.accept (ReferencePipeline.java:193)</span><br/><span class="error">E           at java.util.stream.ReferencePipeline$2$1.accept (ReferencePipeline.java:175)</span><br/><span class="error">E           at java.util.Collections$2.tryAdvance (Collections.java:4719)</span><br/><span class="error">E           at java.util.stream.ReferencePipeline.forEachWithCancel (ReferencePipeline.java:126)</span><br/><span class="error">E           at java.util.stream.AbstractPipeline.copyIntoWithCancel (AbstractPipeline.java:499)</span><br/><span class="error">E           at java.util.stream.AbstractPipeline.copyInto (AbstractPipeline.java:486)</span><br/><span class="error">E           at java.util.stream.AbstractPipeline.wrapAndCopyInto (AbstractPipeline.java:472)</span><br/><span class="error">E           at java.util.stream.FindOps$FindOp.evaluateSequential (FindOps.java:152)</span><br/><span class="error">E           at java.util.stream.AbstractPipeline.evaluate (AbstractPipeline.java:234)</span><br/><span class="error">E           at java.util.stream.ReferencePipeline.findFirst (ReferencePipeline.java:531)</span><br/><span class="error">E           at org.openqa.selenium.remote.server.NewSessionPipeline.lambda$createNewSession$3 (NewSessionPipeline.java:69)</span><br/><span class="error">E           at java.util.stream.ReferencePipeline$3$1.accept (ReferencePipeline.java:193)</span><br/><span class="error">E           at java.util.stream.ReferencePipeline$3$1.accept (ReferencePipeline.java:193)</span><br/><span class="error">E           at java.util.stream.ReferencePipeline$3$1.accept (ReferencePipeline.java:193)</span><br/><span class="error">E           at java.util.stream.DistinctOps$1$2.accept (DistinctOps.java:175)</span><br/><span class="error">E           at java.util.stream.ReferencePipeline$2$1.accept (ReferencePipeline.java:175)</span><br/><span class="error">E           at java.util.stream.ReferencePipeline$3$1.accept (ReferencePipeline.java:193)</span><br/><span class="error">E           at java.util.stream.ReferencePipeline$2$1.accept (ReferencePipeline.java:175)</span><br/><span class="error">E           at java.util.stream.Streams$StreamBuilderImpl.tryAdvance (Streams.java:405)</span><br/><span class="error">E           at java.util.stream.Streams$ConcatSpliterator.tryAdvance (Streams.java:728)</span><br/><span class="error">E           at java.util.stream.ReferencePipeline.forEachWithCancel (ReferencePipeline.java:126)</span><br/><span class="error">E           at java.util.stream.AbstractPipeline.copyIntoWithCancel (AbstractPipeline.java:499)</span><br/><span class="error">E           at java.util.stream.AbstractPipeline.copyInto (AbstractPipeline.java:486)</span><br/><span class="error">E           at java.util.stream.AbstractPipeline.wrapAndCopyInto (AbstractPipeline.java:472)</span><br/><span class="error">E           at java.util.stream.FindOps$FindOp.evaluateSequential (FindOps.java:152)</span><br/><span class="error">E           at java.util.stream.AbstractPipeline.evaluate (AbstractPipeline.java:234)</span><br/><span class="error">E           at java.util.stream.ReferencePipeline.findFirst (ReferencePipeline.java:531)</span><br/><span class="error">E           at org.openqa.selenium.remote.server.NewSessionPipeline.createNewSession (NewSessionPipeline.java:72)</span><br/><span class="error">E           at org.openqa.selenium.remote.server.commandhandler.BeginSession.execute (BeginSession.java:65)</span><br/><span class="error">E           at org.openqa.selenium.remote.server.WebDriverServlet.lambda$handle$0 (WebDriverServlet.java:235)</span><br/><span class="error">E           at java.util.concurrent.Executors$RunnableAdapter.call (Executors.java:511)</span><br/><span class="error">E           at java.util.concurrent.FutureTask.run (FutureTask.java:266)</span><br/><span class="error">E           at java.util.concurrent.ThreadPoolExecutor.runWorker (ThreadPoolExecutor.java:1149)</span><br/><span class="error">E           at java.util.concurrent.ThreadPoolExecutor$Worker.run (ThreadPoolExecutor.java:624)</span><br/><span class="error">E           at java.lang.Thread.run (Thread.java:748)</span><br/><br/>venv/lib/python3.6/site-packages/selenium/webdriver/remote/errorhandler.py:242: WebDriverException<br/></div></td></tr></tbody>
      <tbody class="failed results-table-row">
        <tr>
          <td class="col-result">Failed</td>
          <td class="col-name">SI/MAP/School_Map_regression_testing.py::cQube_SI_Map_Report::test_sc_map_districtwise</td>
          <td class="col-duration">4.69</td>
          <td class="col-links"></td></tr>
        <tr>
          <td class="extra" colspan="4">
            <div class="log">[gw3] linux -- Python 3.6.9 /home/ubuntu/chetan/cQubeTesting/venv/bin/python<br/><br/>self = &lt;MAP.School_Map_regression_testing.cQube_SI_Map_Report testMethod=test_sc_map_districtwise&gt;<br/><br/>    def test_sc_map_districtwise(self):<br/>        self.tests.pop()<br/>        self.logger.info(&quot;test_sc_map_districtwise&quot; + &quot; &quot; + &quot;Total :&quot; + &quot; &quot; + str(<br/>            self.total_tests) + &quot; &quot; + &quot;Remaining :&quot; + &quot; &quot; + str(len(self.tests) - 1))<br/>        b = sc_map_districtwise(self.driver)<br/>&gt;       result = b.test_schools()<br/><br/>SI/MAP/School_Map_regression_testing.py:498: <br/>_ _ _ _ _ _ _ _ _ _ _ _ _ _ _ _ _ _ _ _ _ _ _ _ _ _ _ _ _ _ _ _ _ _ _ _ _ _ _ _ <br/><br/>self = &lt;SI.MAP.check_sc_map_districtwise_records.sc_map_districtwise object at 0x7fb0c7d739e8&gt;<br/><br/>    def test_schools(self):<br/>        p = pwd()<br/>        self.cal = GetData()<br/>        self.driver.implicitly_wait(30)<br/>        select_district = Select(self.driver.find_element_by_id(&#x27;choose_dist&#x27;))<br/>        for x in range(1, len(select_district.options)):<br/>            select_district.select_by_index(x)<br/>            self.cal.page_loading(self.driver)<br/>            markers = self.driver.find_elements_by_class_name(Data.dots)<br/>            if len(markers)-1 == 0:<br/>                print(select_district.options[x].text,&quot;has no data on map&quot;)<br/>            else:<br/>                self.driver.find_element_by_id(Data.Download).click()<br/>                time.sleep(3)<br/>                self.filename = p.get_download_dir() + &quot;/Block_Per_dist_report.csv&quot;<br/>&gt;               with open(self.filename) as fin:<br/><span class="error">E               FileNotFoundError: [Errno 2] No such file or directory: &#x27;/home/ubuntu/chetan/cQubeTesting/Downloads/Block_Per_dist_report.csv&#x27;</span><br/><br/>SI/MAP/check_sc_map_districtwise_records.py:33: FileNotFoundError<br/></div></td></tr></tbody>
      <tbody class="passed results-table-row">
        <tr>
          <td class="col-result">Passed</td>
          <td class="col-name">SI/MAP/School_Map_regression_testing.py::cQube_SI_Map_Report::test_clusterbtn</td>
          <td class="col-duration">0.00</td>
          <td class="col-links"></td></tr>
        <tr>
          <td class="extra" colspan="4">
            <div class="log"> ------------------------------Captured stdout call------------------------------ <br/>cluster button is working 
<br/></div></td></tr></tbody>
      <tbody class="passed results-table-row">
        <tr>
          <td class="col-result">Passed</td>
          <td class="col-name">SI/MAP/School_Map_regression_testing.py::cQube_SI_Map_Report::test_districtwise_csv</td>
          <td class="col-duration">2.95</td>
          <td class="col-links"></td></tr>
        <tr>
          <td class="extra" colspan="4">
            <div class="log"> ------------------------------Captured stdout call------------------------------ <br/>Districtwise csv file is downloaded...
<br/></div></td></tr></tbody>
      <tbody class="passed results-table-row">
        <tr>
          <td class="col-result">Passed</td>
          <td class="col-name">SI/MAP/School_Map_regression_testing.py::cQube_SI_Map_Report::test_click_schoolwise</td>
          <td class="col-duration">0.00</td>
          <td class="col-links"></td></tr>
        <tr>
          <td class="extra" colspan="4">
            <div class="log"> ------------------------------Captured stdout call------------------------------ <br/>school button is working 
<br/></div></td></tr></tbody>
      <tbody class="passed results-table-row">
        <tr>
          <td class="col-result">Passed</td>
          <td class="col-name">SI/MAP/School_Map_regression_testing.py::cQube_SI_Map_Report::test_check_markes_on_map</td>
          <td class="col-duration">3.88</td>
          <td class="col-links"></td></tr>
        <tr>
          <td class="extra" colspan="4">
            <div class="log"> ------------------------------Captured stdout call------------------------------ <br/>markers on map 
<br/></div></td></tr></tbody>
      <tbody class="passed results-table-row">
        <tr>
          <td class="col-result">Passed</td>
          <td class="col-name">SI/MAP/School_Map_regression_testing.py::cQube_SI_Map_Report::test_click_on_school</td>
          <td class="col-duration">1.99</td>
          <td class="col-links"></td></tr>
        <tr>
          <td class="extra" colspan="4">
            <div class="log"> ------------------------------Captured stdout call------------------------------ <br/>Not school-infrastructure page
<br/></div></td></tr></tbody>
      <tbody class="passed results-table-row">
        <tr>
          <td class="col-result">Passed</td>
          <td class="col-name">SI/MAP/School_Map_regression_testing.py::cQube_SI_Map_Report::test_click_on_block</td>
          <td class="col-duration">5.07</td>
          <td class="col-links"></td></tr>
        <tr>
          <td class="extra" colspan="4">
            <div class="log"> ------------------------------Captured stdout call------------------------------ <br/>Block buttons is working...
<br/></div></td></tr></tbody>
      <tbody class="passed results-table-row">
        <tr>
          <td class="col-result">Passed</td>
          <td class="col-name">SI/MAP/School_Map_regression_testing.py::cQube_SI_Map_Report::test_hyperlink</td>
          <td class="col-duration">2.07</td>
          <td class="col-links"></td></tr>
        <tr>
          <td class="extra" colspan="4">
            <div class="log"> ------------------------------Captured stdout call------------------------------ <br/>school infra map based report present
<br/></div></td></tr></tbody>
      <tbody class="passed results-table-row">
        <tr>
          <td class="col-result">Passed</td>
          <td class="col-name">SI/MAP/School_Map_regression_testing.py::cQube_SI_Map_Report::test_clusterwise_download</td>
          <td class="col-duration">9.11</td>
          <td class="col-links"></td></tr>
        <tr>
          <td class="extra" colspan="4">
            <div class="log"> ------------------------------Captured stdout call------------------------------ <br/>cluster wise csv is downloading working
<br/></div></td></tr></tbody>
      <tbody class="passed results-table-row">
        <tr>
          <td class="col-result">Passed</td>
          <td class="col-name">SI/MAP/School_Map_regression_testing.py::cQube_SI_Map_Report::test_dashboard</td>
          <td class="col-duration">6.88</td>
          <td class="col-links"></td></tr>
        <tr>
          <td class="extra" colspan="4">
            <div class="log"> ------------------------------Captured stdout call------------------------------ <br/>checked with dashboard 
<br/></div></td></tr></tbody>
      <tbody class="passed results-table-row">
        <tr>
          <td class="col-result">Passed</td>
          <td class="col-name">SI/MAP/School_Map_regression_testing.py::cQube_SI_Map_Report::test_blocklevel_file</td>
          <td class="col-duration">7.71</td>
          <td class="col-links"></td></tr>
        <tr>
          <td class="extra" colspan="4">
            <div class="log"> ------------------------------Captured stdout call------------------------------ <br/>blocklevel file is downloaded
<br/></div></td></tr></tbody>
      <tbody class="passed results-table-row">
        <tr>
          <td class="col-result">Passed</td>
          <td class="col-name">SI/MAP/School_Map_regression_testing.py::cQube_SI_Map_Report::test_dashboard_option</td>
          <td class="col-duration">8.18</td>
          <td class="col-links"></td></tr>
        <tr>
          <td class="extra" colspan="4">
            <div class="log"> ------------------------------Captured stdout call------------------------------ <br/>School infra map based report page exist
<br/></div></td></tr></tbody>
      <tbody class="passed results-table-row">
        <tr>
          <td class="col-result">Passed</td>
          <td class="col-name">SI/MAP/School_Map_regression_testing.py::cQube_SI_Map_Report::test_check_district_names</td>
          <td class="col-duration">9.43</td>
          <td class="col-links"></td></tr>
        <tr>
          <td class="extra" colspan="4">
            <div class="log"> ------------------------------Captured stdout call------------------------------ <br/>District names order checked
<br/></div></td></tr></tbody>
      <tbody class="passed results-table-row">
        <tr>
          <td class="col-result">Passed</td>
          <td class="col-name">SI/MAP/School_Map_regression_testing.py::cQube_SI_Map_Report::test_download</td>
          <td class="col-duration">11.96</td>
          <td class="col-links"></td></tr>
        <tr>
          <td class="extra" colspan="4">
            <div class="log"> ------------------------------Captured stdout call------------------------------ <br/>School infrastructure map based report present
<br/></div></td></tr></tbody>
      <tbody class="passed results-table-row">
        <tr>
          <td class="col-result">Passed</td>
          <td class="col-name">SI/MAP/School_Map_regression_testing.py::cQube_SI_Map_Report::test_school_infra_options</td>
          <td class="col-duration">12.70</td>
          <td class="col-links"></td></tr>
        <tr>
          <td class="extra" colspan="4">
            <div class="log"> ------------------------------Captured stdout call------------------------------ <br/>School infrastructure report contains two reports 
<br/></div></td></tr></tbody>
      <tbody class="passed results-table-row">
        <tr>
          <td class="col-result">Passed</td>
          <td class="col-name">SI/MAP/School_Map_regression_testing.py::cQube_SI_Map_Report::test_reportmap</td>
          <td class="col-duration">8.48</td>
          <td class="col-links"></td></tr>
        <tr>
          <td class="extra" colspan="4">
            <div class="log"> ------------------------------Captured stdout call------------------------------ <br/>Shool infrastructure report page
report map is present on dashboard
<br/></div></td></tr></tbody>
      <tbody class="passed results-table-row">
        <tr>
          <td class="col-result">Passed</td>
          <td class="col-name">SI/MAP/School_Map_regression_testing.py::cQube_SI_Map_Report::test_click_home_in_districtwise</td>
          <td class="col-duration">18.62</td>
          <td class="col-links"></td></tr>
        <tr>
          <td class="extra" colspan="4">
            <div class="log"> ------------------------------Captured stdout call------------------------------ <br/>school infra map based report present
<br/></div></td></tr></tbody>
      <tbody class="passed results-table-row">
        <tr>
          <td class="col-result">Passed</td>
          <td class="col-name">SI/MAP/School_Map_regression_testing.py::cQube_SI_Map_Report::test_school_count</td>
          <td class="col-duration">11.15</td>
          <td class="col-links"></td></tr>
        <tr>
          <td class="extra" colspan="4">
            <div class="log"> ------------------------------Captured stdout call------------------------------ <br/>checked with school count values
<br/></div></td></tr></tbody>
      <tbody class="passed results-table-row">
        <tr>
          <td class="col-result">Passed</td>
          <td class="col-name">SI/MAP/School_Map_regression_testing.py::cQube_SI_Map_Report::test_cluster_and_homebtn</td>
          <td class="col-duration">29.73</td>
          <td class="col-links"></td></tr>
        <tr>
          <td class="extra" colspan="4">
            <div class="log"> ------------------------------Captured stdout call------------------------------ <br/>cluster level home icon is working 
<br/></div></td></tr></tbody>
      <tbody class="passed results-table-row">
        <tr>
          <td class="col-result">Passed</td>
          <td class="col-name">SI/MAP/School_Map_regression_testing.py::cQube_SI_Map_Report::test_blockelevel_home_click</td>
          <td class="col-duration">31.97</td>
          <td class="col-links"></td></tr>
        <tr>
          <td class="extra" colspan="4">
            <div class="log"> ------------------------------Captured stdout call------------------------------ <br/>School infra map based report
<br/></div></td></tr></tbody>
      <tbody class="passed results-table-row">
        <tr>
          <td class="col-result">Passed</td>
          <td class="col-name">SI/MAP/School_Map_regression_testing.py::cQube_SI_Map_Report::test_infrascores</td>
          <td class="col-duration">34.65</td>
          <td class="col-links"></td></tr>
        <tr>
          <td class="extra" colspan="4">
            <div class="log"> ------------------------------Captured stdout call------------------------------ <br/>checked with infrascores options
<br/></div></td></tr></tbody>
      <tbody class="passed results-table-row">
        <tr>
          <td class="col-result">Passed</td>
          <td class="col-name">SI/MAP/School_Map_regression_testing.py::cQube_SI_Map_Report::test_infrascore_click</td>
          <td class="col-duration">34.68</td>
          <td class="col-links"></td></tr>
        <tr>
          <td class="extra" colspan="4">
            <div class="log"> ------------------------------Captured stdout call------------------------------ <br/>infra scores options are working 
<br/></div></td></tr></tbody>
      <tbody class="passed results-table-row">
        <tr>
          <td class="col-result">Passed</td>
          <td class="col-name">SI/MAP/School_Map_regression_testing.py::cQube_SI_Map_Report::test_report</td>
          <td class="col-duration">7.24</td>
          <td class="col-links"></td></tr>
        <tr>
          <td class="extra" colspan="4">
            <div class="log"> ------------------------------Captured stdout call------------------------------ <br/>Shool infrastructure report page
<br/></div></td></tr></tbody>
      <tbody class="passed results-table-row">
        <tr>
          <td class="col-result">Passed</td>
          <td class="col-name">SI/MAP/School_Map_regression_testing.py::cQube_SI_Map_Report::test_block_scores</td>
          <td class="col-duration">50.99</td>
          <td class="col-links"></td></tr>
        <tr>
          <td class="extra" colspan="4">
            <div class="log"> ------------------------------Captured stdout call------------------------------ <br/>block button is worked and infra scores is working 
<br/></div></td></tr></tbody>
      <tbody class="passed results-table-row">
        <tr>
          <td class="col-result">Passed</td>
          <td class="col-name">SI/MAP/School_Map_regression_testing.py::cQube_SI_Map_Report::test_blockwise</td>
          <td class="col-duration">53.13</td>
          <td class="col-links"></td></tr>
        <tr>
          <td class="extra" colspan="4">
            <div class="log"> ------------------------------Captured stdout call------------------------------ <br/> Ahmedabad 
 Amreli 
 Anand 
 Aravalli 
 Banaskantha 
 Bharuch 
 Bhavnagar 
 Botad 
 Chhotaudepur 
 Devbhoomi Dwarka 
 Dohad 
 Gandhinagar 
 Gir Somnath 
 Jamnagar 
 Junagadh 
 Kachchh 
 Kheda 
 Mahesana 
 Mahisagar 
 Morbi 
 Narmada 
 Navsari 
 Panch Mahals 
 Patan 
 Rajkot 
 Sabar Kantha 
 Surat 
 Surendranagar 
 Tapi 
 The Dangs 
 Vadodara 
 Valsad 
checked blockwise data 
<br/></div></td></tr></tbody>
      <tbody class="passed results-table-row">
        <tr>
          <td class="col-result">Passed</td>
          <td class="col-name">SI/MAP/School_Map_regression_testing.py::cQube_SI_Map_Report::test_infrascore</td>
          <td class="col-duration">57.43</td>
          <td class="col-links"></td></tr>
        <tr>
          <td class="extra" colspan="4">
            <div class="log"> ------------------------------Captured stdout call------------------------------ <br/>Infra score percentage is selected and csv file is downloaded
Boy&#x27;s toilet percentage is selected and csv file is downloaded
Drinking water percentage is selected and csv file is downloaded
Electricity percentage is selected and csv file is downloaded
girls toilet percentage is selected and csv file is downloaded
Hand pump percentage is selected and csv file is downloaded
Handwash percentage is selected and csv file is downloaded
Library percentage is selected and csv file is downloaded
solar panel percentage is selected and csv file is downloaded
Tapwater percentage is selected and csv file is downloaded
Toilet percentage is selected and csv file is downloaded
<br/></div></td></tr></tbody>
      <tbody class="passed results-table-row">
        <tr>
          <td class="col-result">Passed</td>
          <td class="col-name">SI/MAP/School_Map_regression_testing.py::cQube_SI_Map_Report::test_district_options</td>
          <td class="col-duration">68.13</td>
          <td class="col-links"></td></tr>
        <tr>
          <td class="extra" colspan="4">
            <div class="log"> ------------------------------Captured stdout call------------------------------ <br/>Choose a District
 Ahmedabad 
 Amreli 
 Anand 
 Aravalli 
 Banaskantha 
 Bharuch 
 Bhavnagar 
 Botad 
 Chhotaudepur 
 Devbhoomi Dwarka 
 Dohad 
 Gandhinagar 
 Gir Somnath 
 Jamnagar 
 Junagadh 
 Kachchh 
 Kheda 
 Mahesana 
 Mahisagar 
 Morbi 
 Narmada 
 Navsari 
 Panch Mahals 
 Patan 
 Rajkot 
 Sabar Kantha 
 Surat 
 Surendranagar 
 Tapi 
 The Dangs 
 Vadodara 
 Valsad 
checked with districtwise select box
<br/></div></td></tr></tbody>
      <tbody class="passed results-table-row">
        <tr>
          <td class="col-result">Passed</td>
          <td class="col-name">SI/MAP/School_Map_regression_testing.py::cQube_SI_Map_Report::test_clusters_scores</td>
          <td class="col-duration">69.28</td>
          <td class="col-links"></td></tr>
        <tr>
          <td class="extra" colspan="4">
            <div class="log"> ------------------------------Captured stdout call------------------------------ <br/>cluster button is worked and infra scores is working 
<br/></div></td></tr></tbody>
      <tbody class="passed results-table-row">
        <tr>
          <td class="col-result">Passed</td>
          <td class="col-name">SI/MAP/School_Map_regression_testing.py::cQube_SI_Map_Report::test_schools_scores</td>
          <td class="col-duration">64.73</td>
          <td class="col-links"></td></tr>
        <tr>
          <td class="extra" colspan="4">
            <div class="log"> ------------------------------Captured stdout call------------------------------ <br/>school button is worked and infra scores is working 
<br/></div></td></tr></tbody>
      <tbody class="passed results-table-row">
        <tr>
          <td class="col-result">Passed</td>
          <td class="col-name">SI/MAP/School_Map_regression_testing.py::cQube_SI_Map_Report::test_no_of_schools</td>
          <td class="col-duration">39.91</td>
          <td class="col-links"></td></tr>
        <tr>
          <td class="extra" colspan="4">
            <div class="log"> ------------------------------Captured stdout call------------------------------ <br/>checked with comapared with footer values 
<br/></div></td></tr></tbody>
      <tbody class="passed results-table-row">
        <tr>
          <td class="col-result">Passed</td>
          <td class="col-name">SI/MAP/School_Map_regression_testing.py::cQube_SI_Map_Report::test_click_on_home</td>
          <td class="col-duration">118.62</td>
          <td class="col-links"></td></tr>
        <tr>
          <td class="extra" colspan="4">
            <div class="log"> ------------------------------Captured stdout call------------------------------ <br/>cluser level home icon is working
<br/></div></td></tr></tbody>
      <tbody class="passed results-table-row">
        <tr>
          <td class="col-result">Passed</td>
          <td class="col-name">SI/MAP/School_Map_regression_testing.py::cQube_SI_Map_Report::test_schoolwise_download</td>
          <td class="col-duration">115.28</td>
          <td class="col-links"></td></tr>
        <tr>
          <td class="extra" colspan="4">
            <div class="log"> ------------------------------Captured stdout call------------------------------ <br/>school wise csv is downloaded
<br/></div></td></tr></tbody>
      <tbody class="passed results-table-row">
        <tr>
          <td class="col-result">Passed</td>
          <td class="col-name">SI/MAP/School_Map_regression_testing.py::cQube_SI_Map_Report::test_mouseover_on_dots</td>
          <td class="col-duration">119.50</td>
          <td class="col-links"></td></tr>
        <tr>
          <td class="extra" colspan="4">
            <div class="log"> ------------------------------Captured stdout call------------------------------ <br/>Mousehover on each markers..
markers present on map 
<br/></div></td></tr></tbody></table></body></html>